{"/home/laboratoria/Área de Trabalho/LAB/CPF/index.js":{"path":"/home/laboratoria/Área de Trabalho/LAB/CPF/index.js","statementMap":{"0":{"start":{"line":1,"column":24},"end":{"line":11,"column":1}},"1":{"start":{"line":3,"column":13},"end":{"line":5,"column":40}},"2":{"start":{"line":4,"column":26},"end":{"line":4,"column":66}},"3":{"start":{"line":5,"column":27},"end":{"line":5,"column":39}},"4":{"start":{"line":7,"column":1},"end":{"line":7,"column":23}},"5":{"start":{"line":8,"column":1},"end":{"line":8,"column":42}},"6":{"start":{"line":10,"column":1},"end":{"line":10,"column":39}},"7":{"start":{"line":13,"column":0},"end":{"line":27,"column":1}},"8":{"start":{"line":14,"column":1},"end":{"line":14,"column":46}},"9":{"start":{"line":16,"column":1},"end":{"line":18,"column":2}},"10":{"start":{"line":17,"column":2},"end":{"line":17,"column":14}},"11":{"start":{"line":20,"column":18},"end":{"line":20,"column":37}},"12":{"start":{"line":22,"column":1},"end":{"line":24,"column":2}},"13":{"start":{"line":22,"column":29},"end":{"line":22,"column":48}},"14":{"start":{"line":23,"column":2},"end":{"line":23,"column":15}},"15":{"start":{"line":26,"column":1},"end":{"line":26,"column":72}}},"fnMap":{"0":{"name":"(anonymous_0)","decl":{"start":{"line":1,"column":24},"end":{"line":1,"column":25}},"loc":{"start":{"line":1,"column":40},"end":{"line":11,"column":1}},"line":1},"1":{"name":"(anonymous_1)","decl":{"start":{"line":4,"column":7},"end":{"line":4,"column":8}},"loc":{"start":{"line":4,"column":26},"end":{"line":4,"column":66}},"line":4},"2":{"name":"(anonymous_2)","decl":{"start":{"line":5,"column":10},"end":{"line":5,"column":11}},"loc":{"start":{"line":5,"column":27},"end":{"line":5,"column":39}},"line":5},"3":{"name":"(anonymous_3)","decl":{"start":{"line":13,"column":30},"end":{"line":13,"column":31}},"loc":{"start":{"line":13,"column":45},"end":{"line":27,"column":1}},"line":13},"4":{"name":"(anonymous_4)","decl":{"start":{"line":22,"column":20},"end":{"line":22,"column":21}},"loc":{"start":{"line":22,"column":29},"end":{"line":22,"column":48}},"line":22}},"branchMap":{"0":{"loc":{"start":{"line":8,"column":7},"end":{"line":8,"column":41}},"type":"cond-expr","locations":[{"start":{"line":8,"column":34},"end":{"line":8,"column":35}},{"start":{"line":8,"column":38},"end":{"line":8,"column":41}}],"line":8},"1":{"loc":{"start":{"line":8,"column":8},"end":{"line":8,"column":30}},"type":"binary-expr","locations":[{"start":{"line":8,"column":8},"end":{"line":8,"column":17}},{"start":{"line":8,"column":21},"end":{"line":8,"column":30}}],"line":8},"2":{"loc":{"start":{"line":16,"column":1},"end":{"line":18,"column":2}},"type":"if","locations":[{"start":{"line":16,"column":1},"end":{"line":18,"column":2}},{"start":{"line":16,"column":1},"end":{"line":18,"column":2}}],"line":16},"3":{"loc":{"start":{"line":16,"column":5},"end":{"line":16,"column":46}},"type":"binary-expr","locations":[{"start":{"line":16,"column":5},"end":{"line":16,"column":20}},{"start":{"line":16,"column":24},"end":{"line":16,"column":46}}],"line":16},"4":{"loc":{"start":{"line":22,"column":1},"end":{"line":24,"column":2}},"type":"if","locations":[{"start":{"line":22,"column":1},"end":{"line":24,"column":2}},{"start":{"line":22,"column":1},"end":{"line":24,"column":2}}],"line":22},"5":{"loc":{"start":{"line":26,"column":9},"end":{"line":26,"column":70}},"type":"binary-expr","locations":[{"start":{"line":26,"column":9},"end":{"line":26,"column":37}},{"start":{"line":26,"column":41},"end":{"line":26,"column":70}}],"line":26}},"s":{"0":1,"1":3,"2":28,"3":25,"4":3,"5":3,"6":3,"7":1,"8":3,"9":3,"10":0,"11":3,"12":3,"13":15,"14":1,"15":2},"f":{"0":3,"1":28,"2":25,"3":3,"4":15},"b":{"0":[1,2],"1":[3,2],"2":[0,3],"3":[3,3],"4":[1,2],"5":[2,1]},"_coverageSchema":"43e27e138ebf9cfc5966b082cf9a028302ed4184","hash":"89966dde02f0a3e0a6a78bd868e75dc46e48a402","contentHash":"a2a97b6b01567e6c6c9e3396dae54c2852fa797f4787160ebd960ee340be6109"}}